<?xml version="1.0" encoding="UTF-8"?>
<!-- Generated by org.testng.reporters.JUnitReportReporter -->
<testsuite hostname="idea-PC" name="com.dukescript.demoapp.js.JsInteractionTest" tests="1" failures="0" timestamp="2 Nov 2015 17:28:47 GMT" time="1.318" errors="0">
  <testcase name="testCallbackFromJavaScript" time="1.318" classname="com.dukescript.demoapp.js.JsInteractionTest"/>
</testsuite> <!-- com.dukescript.demoapp.js.JsInteractionTest -->
