<?xml version="1.0" encoding="UTF-8"?>
<!-- Generated by org.testng.reporters.JUnitReportReporter -->
<testsuite hostname="NikoDesktop" name="com.dukescript.demoapp.js.JsInteractionTest" tests="1" failures="0" timestamp="4 Nov 2015 01:32:04 GMT" time="0.055" errors="0">
  <testcase name="testCallbackFromJavaScript" time="0.055" classname="com.dukescript.demoapp.js.JsInteractionTest"/>
</testsuite> <!-- com.dukescript.demoapp.js.JsInteractionTest -->
