<?xml version="1.0" encoding="UTF-8"?>
<!-- Generated by org.testng.reporters.JUnitReportReporter -->
<testsuite hostname="DESKTOP-PFVFBDF" name="com.dukescript.demoapp.DataModelTest" tests="1" failures="0" timestamp="9 Mar 2016 19:40:16 GMT" time="0.048" errors="0">
  <testcase name="testUIModelWithoutUI" time="0.048" classname="com.dukescript.demoapp.DataModelTest"/>
</testsuite> <!-- com.dukescript.demoapp.DataModelTest -->
