<?xml version="1.0" encoding="UTF-8"?>
<!-- Generated by org.testng.reporters.JUnitReportReporter -->
<testsuite hostname="idea-PC" name="com.dukescript.demoapp.DataModelTest" tests="1" failures="0" timestamp="23 Nov 2015 19:43:24 GMT" time="0.060" errors="0">
  <testcase name="testUIModelWithoutUI" time="0.060" classname="com.dukescript.demoapp.DataModelTest"/>
</testsuite> <!-- com.dukescript.demoapp.DataModelTest -->
