<?xml version="1.0" encoding="UTF-8"?>
<!-- Generated by org.testng.reporters.JUnitReportReporter -->
<testsuite hostname="DESKTOP-PFVFBDF" name="com.dukescript.demoapp.DataModelTest" tests="3" failures="0" timestamp="20 Mar 2016 17:04:35 GMT" time="0.075" errors="0">
  <testcase name="testUIModelWithoutUI" time="0.002" classname="com.dukescript.demoapp.DataModelTest"/>
  <testcase name="add" time="0.062" classname="com.dukescript.demoapp.DataModelTest"/>
  <testcase name="connect" time="0.011" classname="com.dukescript.demoapp.DataModelTest"/>
</testsuite> <!-- com.dukescript.demoapp.DataModelTest -->
