<?xml version="1.0" encoding="UTF-8"?>
<!-- Generated by org.testng.reporters.JUnitReportReporter -->
<testsuite hostname="DESKTOP-PFVFBDF" name="com.dukescript.demoapp.UIModelTest" tests="2" failures="0" timestamp="4 Apr 2016 08:18:31 GMT" time="0.062" errors="0">
  <testcase name="add" time="0.062" classname="com.dukescript.demoapp.UIModelTest"/>
  <testcase name="enableDisableTest" time="0.000" classname="com.dukescript.demoapp.UIModelTest"/>
</testsuite> <!-- com.dukescript.demoapp.UIModelTest -->
