<?xml version="1.0" encoding="UTF-8"?>
<!-- Generated by org.testng.reporters.JUnitReportReporter -->
<testsuite hostname="idea-PC" name="com.dukescript.demoapp.DataModelTest" tests="1" failures="0" timestamp="30 Nov 2015 17:37:30 GMT" time="0.078" errors="0">
  <testcase name="testUIModelWithoutUI" time="0.078" classname="com.dukescript.demoapp.DataModelTest"/>
</testsuite> <!-- com.dukescript.demoapp.DataModelTest -->
