<?xml version="1.0" encoding="UTF-8"?>
<!-- Generated by org.testng.reporters.JUnitReportReporter -->
<testsuite hostname="DESKTOP-PFVFBDF" name="com.dukescript.demoapp.DataModelTest" tests="3" failures="0" timestamp="21 Mar 2016 15:21:51 GMT" time="0.114" errors="0">
  <testcase name="testUIModelWithoutUI" time="0.003" classname="com.dukescript.demoapp.DataModelTest"/>
  <testcase name="connect" time="0.020" classname="com.dukescript.demoapp.DataModelTest"/>
  <testcase name="add" time="0.091" classname="com.dukescript.demoapp.DataModelTest"/>
</testsuite> <!-- com.dukescript.demoapp.DataModelTest -->
