<?xml version="1.0" encoding="UTF-8"?>
<!-- Generated by org.testng.reporters.JUnitReportReporter -->
<testsuite hostname="idea-PC" name="com.dukescript.demoapp.DataModelTest" tests="1" failures="0" timestamp="6 Dec 2015 13:49:38 GMT" time="0.242" errors="0">
  <testcase name="testUIModelWithoutUI" time="0.242" classname="com.dukescript.demoapp.DataModelTest"/>
</testsuite> <!-- com.dukescript.demoapp.DataModelTest -->
